<?xml version="1.0" encoding="UTF-8"?>
<!-- Generated by org.testng.reporters.JUnitReportReporter -->
<testsuite hostname="DESKTOP-H2H1S22" failures="0" tests="4" name="com.SoftSuave.BustelSpotTest.SignUpTest" time="13.930" errors="0" timestamp="2020-08-23T14:30:05 IST" skipped="0">
  <testcase classname="com.SoftSuave.BustelSpotTest.SignUpTest" name="signUpAppNewUser" time="1.872"/>
  <system-out/>
  <testcase classname="com.SoftSuave.BustelSpotTest.SignUpTest" name="signUpAppInvalid" time="10.010"/>
  <system-out/>
  <testcase classname="com.SoftSuave.BustelSpotTest.SignUpTest" name="signUpAppOldUser" time="1.577"/>
  <system-out/>
  <testcase classname="com.SoftSuave.BustelSpotTest.SignUpTest" name="signUpAppLoginLink" time="0.471"/>
  <system-out/>
</testsuite> <!-- com.SoftSuave.BustelSpotTest.SignUpTest -->
