<?xml version="1.0" encoding="UTF-8"?>
<!-- Generated by org.testng.reporters.JUnitReportReporter -->
<testsuite hostname="DESKTOP-H2H1S22" failures="0" tests="1" name="com.SoftSuave.BustelSpotTest.DownloadTrackerTest" time="2.107" errors="0" timestamp="2020-08-23T14:30:05 IST" skipped="0">
  <testcase classname="com.SoftSuave.BustelSpotTest.DownloadTrackerTest" name="clickOnDownloadTracker" time="2.107"/>
  <system-out/>
</testsuite> <!-- com.SoftSuave.BustelSpotTest.DownloadTrackerTest -->
