<?xml version="1.0" encoding="UTF-8"?>
<!-- Generated by org.testng.reporters.JUnitReportReporter -->
<testsuite hostname="DESKTOP-H2H1S22" failures="0" tests="4" name="com.SoftSuave.BustelSpotTest.ActivityPageStatusTest" time="0.106" errors="0" timestamp="2020-08-24T10:05:22 IST" skipped="0">
  <testcase classname="com.SoftSuave.BustelSpotTest.ActivityPageStatusTest" name="getActivityTextTotalHours" time="0.026"/>
  <system-out/>
  <testcase classname="com.SoftSuave.BustelSpotTest.ActivityPageStatusTest" name="getActivityTextTotalNoofUsers" time="0.026"/>
  <system-out/>
  <testcase classname="com.SoftSuave.BustelSpotTest.ActivityPageStatusTest" name="getActivityTextTotalBillableHours" time="0.027"/>
  <system-out/>
  <testcase classname="com.SoftSuave.BustelSpotTest.ActivityPageStatusTest" name="getActivityTextTotalActivity" time="0.027"/>
  <system-out/>
</testsuite> <!-- com.SoftSuave.BustelSpotTest.ActivityPageStatusTest -->
