<?xml version="1.0" encoding="UTF-8"?>
<!-- Generated by org.testng.reporters.JUnitReportReporter -->
<testsuite hostname="DESKTOP-H2H1S22" failures="0" tests="1" name="com.SoftSuave.BustelSpotTest.Excel" time="0.394" errors="0" timestamp="2020-08-23T14:30:05 IST" skipped="0">
  <testcase classname="com.SoftSuave.BustelSpotTest.Excel" name="ssss" time="0.394"/>
  <system-out/>
</testsuite> <!-- com.SoftSuave.BustelSpotTest.Excel -->
