<?xml version="1.0" encoding="UTF-8"?>
<!-- Generated by org.testng.reporters.JUnitReportReporter -->
<testsuite hostname="DESKTOP-H2H1S22" failures="0" tests="6" name="com.SoftSuave.BustelSpotTest.ForgetPasswordTest" time="9.262" errors="0" timestamp="2020-08-23T14:30:05 IST" skipped="0">
  <testcase classname="com.SoftSuave.BustelSpotTest.ForgetPasswordTest" name="forgetPasswordShortEmailId" time="0.324"/>
  <system-out/>
  <testcase classname="com.SoftSuave.BustelSpotTest.ForgetPasswordTest" name="forgetPasswordNoData" time="0.297"/>
  <system-out/>
  <testcase classname="com.SoftSuave.BustelSpotTest.ForgetPasswordTest" name="clickOnLoginLinkInForgotPassword" time="6.063"/>
  <system-out/>
  <testcase classname="com.SoftSuave.BustelSpotTest.ForgetPasswordTest" name="forgetPasswordValidEmailId" time="1.237"/>
  <system-out/>
  <testcase classname="com.SoftSuave.BustelSpotTest.ForgetPasswordTest" name="forgetPasswordInvalidEmailId" time="1.103"/>
  <system-out/>
  <testcase classname="com.SoftSuave.BustelSpotTest.ForgetPasswordTest" name="clickOnLogin" time="0.238"/>
  <system-out/>
</testsuite> <!-- com.SoftSuave.BustelSpotTest.ForgetPasswordTest -->
