<?xml version="1.0" encoding="UTF-8"?>
<!-- Generated by org.testng.reporters.JUnitReportReporter -->
<testsuite hostname="DESKTOP-H2H1S22" failures="0" tests="3" name="com.SoftSuave.BustelSpotTest.ProjectFunctionalityTest" time="24.909" errors="0" timestamp="2020-08-23T14:30:05 IST" skipped="0">
  <testcase classname="com.SoftSuave.BustelSpotTest.ProjectFunctionalityTest" name="clickOnChageRole" time="6.983"/>
  <system-out/>
  <testcase classname="com.SoftSuave.BustelSpotTest.ProjectFunctionalityTest" name="projectFunctionality" time="12.311"/>
  <system-out/>
  <testcase classname="com.SoftSuave.BustelSpotTest.ProjectFunctionalityTest" name="clickOnRemoveMember" time="5.615"/>
  <system-out/>
</testsuite> <!-- com.SoftSuave.BustelSpotTest.ProjectFunctionalityTest -->
