<?xml version="1.0" encoding="UTF-8"?>
<!-- Generated by org.testng.reporters.JUnitReportReporter -->
<testsuite hostname="DESKTOP-H2H1S22" failures="0" tests="2" name="com.SoftSuave.BustelSpotTest.ExtraFunctionalityTest" time="23.216" errors="0" timestamp="2020-08-23T14:30:05 IST" skipped="0">
  <testcase classname="com.SoftSuave.BustelSpotTest.ExtraFunctionalityTest" name="clickOnOptions" time="4.848"/>
  <system-out/>
  <testcase classname="com.SoftSuave.BustelSpotTest.ExtraFunctionalityTest" name="projectFunctionality" time="18.368"/>
  <system-out/>
</testsuite> <!-- com.SoftSuave.BustelSpotTest.ExtraFunctionalityTest -->
